Lmod Warning:
-------------------------------------------------------------------------------
The following dependent module(s) are not currently loaded:
libiconv/1.17-m4nfoxw (required by: tar/1.34-nzg5e7x, gettext/0.21.1-a735ozh,
ffmpeg/6.0-zosassm), libxml2/2.10.3-k7sxdfr (required by:
fontconfig/2.13.1-oltetsi, gettext/0.21.1-a735ozh, ffmpeg/6.0-zosassm),
xz/5.4.1-yra4g4l (required by: tar/1.34-nzg5e7x, gettext/0.21.1-a735ozh,
ffmpeg/6.0-zosassm)
-------------------------------------------------------------------------------




The following have been reloaded with a version change:
  1) cuda/11.8.0-fvsgo54 => cuda/11.8.0-zg46pdv
  2) libiconv/1.17-m4nfoxw => libiconv/1.17-dba3bla
  3) libxml2/2.10.3-k7sxdfr => libxml2/2.10.3-t6x3p3p
  4) xz/5.4.1-yra4g4l => xz/5.4.6-ss2bz2e

Lmod has detected the following error: The following module(s) are unknown:
"gcc/11.2.0"

Please check the spelling or version number. Also try "module spider ..."
It is also possible your cache file is out-of-date; it may help to try:
  $ module --ignore_cache load "gcc/11.2.0"

Also make sure that all modulefiles written in TCL start with the string
#%Module



/work/mech-ai-scratch/mohd7/minconda3/envs/dist3dgs/lib/python3.10/site-packages/nerfstudio/field_components/activations.py:32: FutureWarning: `torch.cuda.amp.custom_fwd(args...)` is deprecated. Please use `torch.amp.custom_fwd(args..., device_type='cuda')` instead.
  @custom_fwd(cast_inputs=torch.float32)
/work/mech-ai-scratch/mohd7/minconda3/envs/dist3dgs/lib/python3.10/site-packages/nerfstudio/field_components/activations.py:39: FutureWarning: `torch.cuda.amp.custom_bwd(args...)` is deprecated. Please use `torch.amp.custom_bwd(args..., device_type='cuda')` instead.
  def backward(ctx, g):
/work/mech-ai-scratch/mohd7/minconda3/envs/dist3dgs/lib/python3.10/site-packages/nerfstudio/engine/trainer.py:137: FutureWarning: `torch.cuda.amp.GradScaler(args...)` is deprecated. Please use `torch.amp.GradScaler('cuda', args...)` instead.
  self.grad_scaler = GradScaler(enabled=self.use_grad_scaler)
  0%|          | 0.00/233M [00:00<?, ?B/s] 12%|█▏        | 27.6M/233M [00:00<00:00, 290MB/s] 24%|██▍       | 56.8M/233M [00:00<00:00, 299MB/s] 40%|████      | 94.0M/233M [00:00<00:00, 341MB/s] 57%|█████▋    | 133M/233M [00:00<00:00, 367MB/s]  74%|███████▎  | 172M/233M [00:00<00:00, 380MB/s] 90%|█████████ | 210M/233M [00:00<00:00, 389MB/s]100%|██████████| 233M/233M [00:00<00:00, 369MB/s]
/home/mohd7/.local/lib/python3.10/site-packages/torch/_inductor/compile_fx.py:236: UserWarning: TensorFloat32 tensor cores for float32 matrix multiplication available but not enabled. Consider setting `torch.set_float32_matmul_precision('high')` for better performance.
  warnings.warn(
/home/mohd7/.local/lib/python3.10/site-packages/torch/utils/cpp_extension.py:2356: UserWarning: TORCH_CUDA_ARCH_LIST is not set, all archs for visible cards are included for compilation. 
If this is not desired, please set os.environ['TORCH_CUDA_ARCH_LIST'].
  warnings.warn(
